=============================
Version 0.0.1 [2018-10-04]
=============================

Changes:
 - Basic project structure
 - Integration of Bootstrap
 - Addition of Routing

=============================
Version 0.0.2 [2018-11-02]
=============================

Changes:
 - Integration of Muuri dashboard library
 - Integration of modular widgets
 - Possibility of adding several dashboard layouts
 - Widgets can be added and removed
 - Added test data to use in widgets
 - Implementation of JSON schemas for dashboards, dependencies, forms, etc.

=============================
Version 0.0.3 [2018-11-04]
=============================

Changes:
 - Major bug fixes
 - Widges can now be reconfigured
 - Improved styling of modals
 - Widget forms are now validated before being saved
